<?xml version="1.0" encoding="UTF-8"?>
<!-- Generated by org.testng.reporters.JUnitReportReporter -->
<testsuite hostname="TYSS-Prajwal" failures="0" tests="1" name="test.ValidLoginTest" time="16.678" errors="0" timestamp="2022-07-21T09:50:34 IST" skipped="0">
  <testcase classname="test.ValidLoginTest" name="validLoginTest" time="16.678"/>
  <system-out/>
</testsuite> <!-- test.ValidLoginTest -->
